  [1m[36m (3.0ms)[0m  [1mCREATE TABLE "schema_migrations" ("version" varchar NOT NULL) [0m
  [1m[35m (3.3ms)[0m  select sqlite_version(*)
  [1m[36m (3.6ms)[0m  [1mCREATE UNIQUE INDEX "unique_schema_migrations" ON "schema_migrations" ("version")[0m
  [1m[35mActiveRecord::SchemaMigration Load (0.1ms)[0m  SELECT "schema_migrations".* FROM "schema_migrations"
  [1m[36mActiveRecord::SchemaMigration Load (0.1ms)[0m  [1mSELECT "schema_migrations".* FROM "schema_migrations"[0m
Migrating to CreateArticles (20160313000111)
  [1m[35m (0.1ms)[0m  begin transaction
  [1m[36m (0.6ms)[0m  [1mCREATE TABLE "articles" ("id" INTEGER PRIMARY KEY AUTOINCREMENT NOT NULL, "title" varchar, "body" text, "created_at" datetime NOT NULL, "updated_at" datetime NOT NULL) [0m
  [1m[35mSQL (0.6ms)[0m  INSERT INTO "schema_migrations" ("version") VALUES (?)  [["version", "20160313000111"]]
  [1m[36m (2.4ms)[0m  [1mcommit transaction[0m
  [1m[35mActiveRecord::SchemaMigration Load (0.2ms)[0m  SELECT "schema_migrations".* FROM "schema_migrations"
  [1m[36mActiveRecord::SchemaMigration Load (2.3ms)[0m  [1mSELECT "schema_migrations".* FROM "schema_migrations"[0m
  [1m[35m (0.1ms)[0m  begin transaction
  [1m[36mSQL (2.9ms)[0m  [1mINSERT INTO "articles" ("title", "body", "created_at", "updated_at") VALUES (?, ?, ?, ?)[0m  [["title", "Article #0"], ["body", "This is a sample article."], ["created_at", "2016-03-13 00:48:31.016714"], ["updated_at", "2016-03-13 00:48:31.016714"]]
  [1m[35m (3.5ms)[0m  commit transaction
  [1m[36m (0.1ms)[0m  [1mbegin transaction[0m
  [1m[35mSQL (0.3ms)[0m  INSERT INTO "articles" ("title", "body", "created_at", "updated_at") VALUES (?, ?, ?, ?)  [["title", "Article #1"], ["body", "This is a sample article."], ["created_at", "2016-03-13 00:48:31.032292"], ["updated_at", "2016-03-13 00:48:31.032292"]]
  [1m[36m (5.4ms)[0m  [1mcommit transaction[0m
  [1m[35m (0.1ms)[0m  begin transaction
  [1m[36mSQL (0.3ms)[0m  [1mINSERT INTO "articles" ("title", "body", "created_at", "updated_at") VALUES (?, ?, ?, ?)[0m  [["title", "Article #2"], ["body", "This is a sample article."], ["created_at", "2016-03-13 00:48:31.039856"], ["updated_at", "2016-03-13 00:48:31.039856"]]
  [1m[35m (2.5ms)[0m  commit transaction
  [1m[36m (0.1ms)[0m  [1mbegin transaction[0m
  [1m[35mSQL (0.2ms)[0m  INSERT INTO "articles" ("title", "body", "created_at", "updated_at") VALUES (?, ?, ?, ?)  [["title", "Article #3"], ["body", "This is a sample article."], ["created_at", "2016-03-13 00:48:31.044275"], ["updated_at", "2016-03-13 00:48:31.044275"]]
  [1m[36m (2.7ms)[0m  [1mcommit transaction[0m
  [1m[35m (0.1ms)[0m  begin transaction
  [1m[36mSQL (0.5ms)[0m  [1mINSERT INTO "articles" ("title", "body", "created_at", "updated_at") VALUES (?, ?, ?, ?)[0m  [["title", "Article #4"], ["body", "This is a sample article."], ["created_at", "2016-03-13 00:48:31.048707"], ["updated_at", "2016-03-13 00:48:31.048707"]]
  [1m[35m (2.0ms)[0m  commit transaction
  [1m[36mArticle Load (6.9ms)[0m  [1mSELECT "articles".* FROM "articles"[0m


Started GET "/" for ::1 at 2016-03-12 19:52:32 -0500
  [1m[36mActiveRecord::SchemaMigration Load (2.4ms)[0m  [1mSELECT "schema_migrations".* FROM "schema_migrations"[0m
Processing by Rails::WelcomeController#index as HTML
  Rendered /Users/danielweiner/.rvm/gems/ruby-2.2.1/gems/railties-4.2.1/lib/rails/templates/rails/welcome/index.html.erb (5.7ms)
Completed 200 OK in 46ms (Views: 29.9ms | ActiveRecord: 0.0ms)


Started GET "/articles" for ::1 at 2016-03-12 19:53:33 -0500
  [1m[36mActiveRecord::SchemaMigration Load (4.6ms)[0m  [1mSELECT "schema_migrations".* FROM "schema_migrations"[0m
Processing by ArticlesController#index as HTML
  [1m[35mArticle Load (4.1ms)[0m  SELECT "articles".* FROM "articles"
  Rendered articles/index.html.erb within layouts/application (21.0ms)
Completed 200 OK in 3656ms (Views: 3624.5ms | ActiveRecord: 4.5ms)


Started GET "/assets/jquery_ujs.self-e87806d0cf4489aeb1bb7288016024e8de67fd18db693fe026fe3907581e53cd.js?body=1" for ::1 at 2016-03-12 19:53:38 -0500


Started GET "/assets/jquery.self-660adc51e0224b731d29f575a6f1ec167ba08ad06ed5deca4f1e8654c135bf4c.js?body=1" for ::1 at 2016-03-12 19:53:38 -0500


Started GET "/" for ::1 at 2016-03-13 10:48:53 -0400
  [1m[36mActiveRecord::SchemaMigration Load (2.2ms)[0m  [1mSELECT "schema_migrations".* FROM "schema_migrations"[0m
Processing by ArticlesController#index as HTML
  [1m[35mArticle Load (2.5ms)[0m  SELECT "articles".* FROM "articles"
  Rendered articles/index.html.erb within layouts/application (24.5ms)
Completed 200 OK in 437ms (Views: 412.3ms | ActiveRecord: 3.3ms)


Started GET "/assets/jquery.self-660adc51e0224b731d29f575a6f1ec167ba08ad06ed5deca4f1e8654c135bf4c.js?body=1" for ::1 at 2016-03-13 10:48:54 -0400


Started GET "/assets/jquery_ujs.self-e87806d0cf4489aeb1bb7288016024e8de67fd18db693fe026fe3907581e53cd.js?body=1" for ::1 at 2016-03-13 10:48:54 -0400


Started GET "/articles/1/edit" for ::1 at 2016-03-13 10:48:59 -0400
Processing by ArticlesController#edit as HTML
  Parameters: {"id"=>"1"}
  [1m[36mArticle Load (0.2ms)[0m  [1mSELECT  "articles".* FROM "articles" WHERE "articles"."id" = ? LIMIT 1[0m  [["id", 1]]
  Rendered articles/_form.html.erb (8.6ms)
  Rendered articles/edit.html.erb within layouts/application (24.9ms)
Completed 500 Internal Server Error in 53ms (ActiveRecord: 0.2ms)

ActionView::Template::Error (First argument in form cannot contain nil or be empty):
    1: <%= form_for @character do |f| %>
    2:   <% if @article.errors.any? %>     
    3:     <div id="error_explanation">       
    4:       <h2><%= pluralize(@article.errors.count, "error") %> prohibited this course from being saved:</h2>
  app/views/articles/_form.html.erb:1:in `_app_views_articles__form_html_erb___1881962217119170155_70161886936640'
  app/views/articles/edit.html.erb:3:in `_app_views_articles_edit_html_erb___1865461628179864610_70161913017200'


  Rendered /Users/danielweiner/.rvm/gems/ruby-2.2.1/gems/actionpack-4.2.1/lib/action_dispatch/middleware/templates/rescues/_source.erb (11.7ms)
  Rendered /Users/danielweiner/.rvm/gems/ruby-2.2.1/gems/actionpack-4.2.1/lib/action_dispatch/middleware/templates/rescues/_trace.html.erb (5.6ms)
  Rendered /Users/danielweiner/.rvm/gems/ruby-2.2.1/gems/actionpack-4.2.1/lib/action_dispatch/middleware/templates/rescues/_request_and_response.html.erb (1.0ms)
  Rendered /Users/danielweiner/.rvm/gems/ruby-2.2.1/gems/actionpack-4.2.1/lib/action_dispatch/middleware/templates/rescues/template_error.html.erb within rescues/layout (84.8ms)
  Rendered /Users/danielweiner/.rvm/gems/ruby-2.2.1/gems/web-console-2.3.0/lib/web_console/templates/_markup.html.erb (0.4ms)
  Rendered /Users/danielweiner/.rvm/gems/ruby-2.2.1/gems/web-console-2.3.0/lib/web_console/templates/_inner_console_markup.html.erb within layouts/inlined_string (0.4ms)
  Rendered /Users/danielweiner/.rvm/gems/ruby-2.2.1/gems/web-console-2.3.0/lib/web_console/templates/_prompt_box_markup.html.erb within layouts/inlined_string (0.4ms)
  Rendered /Users/danielweiner/.rvm/gems/ruby-2.2.1/gems/web-console-2.3.0/lib/web_console/templates/style.css.erb within layouts/inlined_string (0.5ms)
  Rendered /Users/danielweiner/.rvm/gems/ruby-2.2.1/gems/web-console-2.3.0/lib/web_console/templates/console.js.erb within layouts/javascript (94.9ms)
  Rendered /Users/danielweiner/.rvm/gems/ruby-2.2.1/gems/web-console-2.3.0/lib/web_console/templates/main.js.erb within layouts/javascript (0.6ms)
  Rendered /Users/danielweiner/.rvm/gems/ruby-2.2.1/gems/web-console-2.3.0/lib/web_console/templates/error_page.js.erb within layouts/javascript (0.4ms)
  Rendered /Users/danielweiner/.rvm/gems/ruby-2.2.1/gems/web-console-2.3.0/lib/web_console/templates/index.html.erb (196.4ms)


Started GET "/articles/1/edit" for ::1 at 2016-03-13 10:49:00 -0400
Processing by ArticlesController#edit as HTML
  Parameters: {"id"=>"1"}
  [1m[35mArticle Load (0.1ms)[0m  SELECT  "articles".* FROM "articles" WHERE "articles"."id" = ? LIMIT 1  [["id", 1]]
  Rendered articles/_form.html.erb (2.9ms)
  Rendered articles/edit.html.erb within layouts/application (11.8ms)
Completed 500 Internal Server Error in 17ms (ActiveRecord: 0.1ms)

ActionView::Template::Error (First argument in form cannot contain nil or be empty):
    1: <%= form_for @character do |f| %>
    2:   <% if @article.errors.any? %>     
    3:     <div id="error_explanation">       
    4:       <h2><%= pluralize(@article.errors.count, "error") %> prohibited this course from being saved:</h2>
  app/views/articles/_form.html.erb:1:in `_app_views_articles__form_html_erb___1881962217119170155_70161913376640'
  app/views/articles/edit.html.erb:3:in `_app_views_articles_edit_html_erb___1865461628179864610_70161887041720'


  Rendered /Users/danielweiner/.rvm/gems/ruby-2.2.1/gems/actionpack-4.2.1/lib/action_dispatch/middleware/templates/rescues/_source.erb (7.9ms)
  Rendered /Users/danielweiner/.rvm/gems/ruby-2.2.1/gems/actionpack-4.2.1/lib/action_dispatch/middleware/templates/rescues/_trace.html.erb (2.7ms)
  Rendered /Users/danielweiner/.rvm/gems/ruby-2.2.1/gems/actionpack-4.2.1/lib/action_dispatch/middleware/templates/rescues/_request_and_response.html.erb (0.8ms)
  Rendered /Users/danielweiner/.rvm/gems/ruby-2.2.1/gems/actionpack-4.2.1/lib/action_dispatch/middleware/templates/rescues/template_error.html.erb within rescues/layout (65.6ms)
  Rendered /Users/danielweiner/.rvm/gems/ruby-2.2.1/gems/web-console-2.3.0/lib/web_console/templates/_markup.html.erb (0.4ms)
  Rendered /Users/danielweiner/.rvm/gems/ruby-2.2.1/gems/web-console-2.3.0/lib/web_console/templates/_inner_console_markup.html.erb within layouts/inlined_string (0.4ms)
  Rendered /Users/danielweiner/.rvm/gems/ruby-2.2.1/gems/web-console-2.3.0/lib/web_console/templates/_prompt_box_markup.html.erb within layouts/inlined_string (0.3ms)
  Rendered /Users/danielweiner/.rvm/gems/ruby-2.2.1/gems/web-console-2.3.0/lib/web_console/templates/style.css.erb within layouts/inlined_string (0.3ms)
  Rendered /Users/danielweiner/.rvm/gems/ruby-2.2.1/gems/web-console-2.3.0/lib/web_console/templates/console.js.erb within layouts/javascript (47.7ms)
  Rendered /Users/danielweiner/.rvm/gems/ruby-2.2.1/gems/web-console-2.3.0/lib/web_console/templates/main.js.erb within layouts/javascript (0.3ms)
  Rendered /Users/danielweiner/.rvm/gems/ruby-2.2.1/gems/web-console-2.3.0/lib/web_console/templates/error_page.js.erb within layouts/javascript (0.4ms)
  Rendered /Users/danielweiner/.rvm/gems/ruby-2.2.1/gems/web-console-2.3.0/lib/web_console/templates/index.html.erb (109.4ms)


Started GET "/articles/1/edit" for ::1 at 2016-03-13 10:49:26 -0400
Processing by ArticlesController#edit as HTML
  Parameters: {"id"=>"1"}
  [1m[36mArticle Load (0.1ms)[0m  [1mSELECT  "articles".* FROM "articles" WHERE "articles"."id" = ? LIMIT 1[0m  [["id", 1]]
  Rendered articles/_form.html.erb (45.5ms)
  Rendered articles/edit.html.erb within layouts/application (47.3ms)
Completed 200 OK in 96ms (Views: 94.8ms | ActiveRecord: 0.1ms)


Started GET "/assets/application.self-e80e8f2318043e8af94dddc2adad5a4f09739a8ebb323b3ab31cd71d45fd9113.css?body=1" for ::1 at 2016-03-13 10:49:26 -0400


Started GET "/assets/articles.self-e3b0c44298fc1c149afbf4c8996fb92427ae41e4649b934ca495991b7852b855.css?body=1" for ::1 at 2016-03-13 10:49:26 -0400


Started GET "/assets/jquery_ujs.self-e87806d0cf4489aeb1bb7288016024e8de67fd18db693fe026fe3907581e53cd.js?body=1" for ::1 at 2016-03-13 10:49:26 -0400


Started GET "/assets/jquery.self-660adc51e0224b731d29f575a6f1ec167ba08ad06ed5deca4f1e8654c135bf4c.js?body=1" for ::1 at 2016-03-13 10:49:26 -0400


Started GET "/assets/turbolinks.self-c37727e9bd6b2735da5c311aa83fead54ed0be6cc8bd9a65309e9c5abe2cbfff.js?body=1" for ::1 at 2016-03-13 10:49:26 -0400


Started GET "/assets/articles.self-877aef30ae1b040ab8a3aba4e3e309a11d7f2612f44dde450b5c157aa5f95c05.js?body=1" for ::1 at 2016-03-13 10:49:26 -0400


Started GET "/assets/application.self-3b8dabdc891efe46b9a144b400ad69e37d7e5876bdc39dee783419a69d7ca819.js?body=1" for ::1 at 2016-03-13 10:49:26 -0400


Started PATCH "/articles/1" for ::1 at 2016-03-13 10:49:35 -0400
Processing by ArticlesController#update as HTML
  Parameters: {"utf8"=>"✓", "authenticity_token"=>"WTWSzEs5H4fkzEXWlwEH6jajnyshLFaY55UIvDogQtqjA1U34Q0kwvxIRB/8Fbtnz/H0d/pxEW5cQ9DBr2bWPg==", "article"=>{"title"=>"Article #0", "body"=>"This is a sample article updated"}, "commit"=>"Create", "id"=>"1"}
  [1m[35mArticle Load (0.1ms)[0m  SELECT  "articles".* FROM "articles" WHERE "articles"."id" = ? LIMIT 1  [["id", 1]]
  [1m[36m (0.1ms)[0m  [1mbegin transaction[0m
  [1m[35mSQL (1.7ms)[0m  UPDATE "articles" SET "body" = ?, "updated_at" = ? WHERE "articles"."id" = ?  [["body", "This is a sample article updated"], ["updated_at", "2016-03-13 14:49:35.320320"], ["id", 1]]
  [1m[36m (3.4ms)[0m  [1mcommit transaction[0m
Redirected to http://localhost:3000/articles
Completed 302 Found in 11ms (ActiveRecord: 5.3ms)


Started GET "/articles" for ::1 at 2016-03-13 10:49:35 -0400
Processing by ArticlesController#index as HTML
  [1m[35mArticle Load (0.2ms)[0m  SELECT "articles".* FROM "articles"
  Rendered articles/index.html.erb within layouts/application (2.5ms)
Completed 200 OK in 32ms (Views: 31.4ms | ActiveRecord: 0.2ms)


Started GET "/articles/1" for ::1 at 2016-03-13 10:49:38 -0400
Processing by ArticlesController#show as HTML
  Parameters: {"id"=>"1"}
  [1m[36mArticle Load (0.2ms)[0m  [1mSELECT  "articles".* FROM "articles" WHERE "articles"."id" = ? LIMIT 1[0m  [["id", 1]]
  Rendered articles/show.html.erb within layouts/application (1.0ms)
Completed 200 OK in 42ms (Views: 40.5ms | ActiveRecord: 0.2ms)


Started GET "/articles" for ::1 at 2016-03-13 10:49:40 -0400
Processing by ArticlesController#index as HTML
  [1m[35mArticle Load (0.1ms)[0m  SELECT "articles".* FROM "articles"
  Rendered articles/index.html.erb within layouts/application (2.3ms)
Completed 200 OK in 18ms (Views: 16.9ms | ActiveRecord: 0.1ms)


Started DELETE "/articles/1" for ::1 at 2016-03-13 10:49:45 -0400
Processing by ArticlesController#destroy as HTML
  Parameters: {"authenticity_token"=>"LwBzIxV7TN3kzSiw4kztk5tm/Pqitg4Ibq0ywODltrjVNrTYv093mPxJKXmJWFEeYjSXpnnrSf7Ve+q9daMiXA==", "id"=>"1"}
  [1m[36mArticle Load (0.1ms)[0m  [1mSELECT  "articles".* FROM "articles" WHERE "articles"."id" = ? LIMIT 1[0m  [["id", 1]]
  [1m[35m (0.1ms)[0m  begin transaction
  [1m[36mSQL (0.2ms)[0m  [1mDELETE FROM "articles" WHERE "articles"."id" = ?[0m  [["id", 1]]
  [1m[35m (2.4ms)[0m  commit transaction
Redirected to http://localhost:3000/articles
Completed 302 Found in 5ms (ActiveRecord: 2.8ms)


Started GET "/articles" for ::1 at 2016-03-13 10:49:45 -0400
Processing by ArticlesController#index as HTML
  [1m[36mArticle Load (0.1ms)[0m  [1mSELECT "articles".* FROM "articles"[0m
  Rendered articles/index.html.erb within layouts/application (1.5ms)
Completed 200 OK in 20ms (Views: 19.1ms | ActiveRecord: 0.1ms)


Started GET "/articles/2/edit" for ::1 at 2016-03-13 10:49:48 -0400
Processing by ArticlesController#edit as HTML
  Parameters: {"id"=>"2"}
  [1m[35mArticle Load (0.1ms)[0m  SELECT  "articles".* FROM "articles" WHERE "articles"."id" = ? LIMIT 1  [["id", 2]]
  Rendered articles/_form.html.erb (1.8ms)
  Rendered articles/edit.html.erb within layouts/application (4.8ms)
Completed 200 OK in 25ms (Views: 23.8ms | ActiveRecord: 0.1ms)


Started PATCH "/articles/2" for ::1 at 2016-03-13 10:49:51 -0400
Processing by ArticlesController#update as HTML
  Parameters: {"utf8"=>"✓", "authenticity_token"=>"T7qgTt76ABXZkRLzpSXiduqWsU4tVd1mVr5mF7qpDrG1jGe1dM47UMEVEzrOMV77E8TaEvYImpDtaL5qL++aVQ==", "article"=>{"title"=>"Article #1", "body"=>"This is a sample article."}, "commit"=>"Create", "id"=>"2"}
  [1m[36mArticle Load (0.1ms)[0m  [1mSELECT  "articles".* FROM "articles" WHERE "articles"."id" = ? LIMIT 1[0m  [["id", 2]]
  [1m[35m (0.1ms)[0m  begin transaction
  [1m[36m (0.1ms)[0m  [1mcommit transaction[0m
Redirected to http://localhost:3000/articles
Completed 302 Found in 4ms (ActiveRecord: 0.3ms)


Started GET "/articles" for ::1 at 2016-03-13 10:49:51 -0400
Processing by ArticlesController#index as HTML
  [1m[35mArticle Load (0.2ms)[0m  SELECT "articles".* FROM "articles"
  Rendered articles/index.html.erb within layouts/application (2.2ms)
Completed 200 OK in 19ms (Views: 17.7ms | ActiveRecord: 0.2ms)


Started GET "/articles/new" for ::1 at 2016-03-13 10:50:18 -0400
Processing by ArticlesController#new as HTML
  Rendered articles/_form.html.erb (1.5ms)
  Rendered articles/new.html.erb within layouts/application (4.0ms)
Completed 200 OK in 27ms (Views: 24.2ms | ActiveRecord: 0.0ms)


Started GET "/articles/new" for ::1 at 2016-03-13 10:50:35 -0400
Processing by ArticlesController#new as HTML
  Rendered articles/_form.html.erb (2.6ms)
  Rendered articles/new.html.erb within layouts/application (5.7ms)
Completed 200 OK in 24ms (Views: 23.1ms | ActiveRecord: 0.0ms)


Started GET "/assets/articles.self-e3b0c44298fc1c149afbf4c8996fb92427ae41e4649b934ca495991b7852b855.css?body=1" for ::1 at 2016-03-13 10:50:35 -0400


Started GET "/assets/jquery_ujs.self-e87806d0cf4489aeb1bb7288016024e8de67fd18db693fe026fe3907581e53cd.js?body=1" for ::1 at 2016-03-13 10:50:35 -0400


Started GET "/assets/application.self-e80e8f2318043e8af94dddc2adad5a4f09739a8ebb323b3ab31cd71d45fd9113.css?body=1" for ::1 at 2016-03-13 10:50:35 -0400


Started GET "/assets/turbolinks.self-c37727e9bd6b2735da5c311aa83fead54ed0be6cc8bd9a65309e9c5abe2cbfff.js?body=1" for ::1 at 2016-03-13 10:50:35 -0400


Started GET "/assets/jquery.self-660adc51e0224b731d29f575a6f1ec167ba08ad06ed5deca4f1e8654c135bf4c.js?body=1" for ::1 at 2016-03-13 10:50:35 -0400


Started GET "/assets/articles.self-877aef30ae1b040ab8a3aba4e3e309a11d7f2612f44dde450b5c157aa5f95c05.js?body=1" for ::1 at 2016-03-13 10:50:35 -0400


Started GET "/assets/application.self-3b8dabdc891efe46b9a144b400ad69e37d7e5876bdc39dee783419a69d7ca819.js?body=1" for ::1 at 2016-03-13 10:50:35 -0400


Started GET "/articles" for ::1 at 2016-03-13 10:50:40 -0400
Processing by ArticlesController#index as HTML
  [1m[36mArticle Load (0.1ms)[0m  [1mSELECT "articles".* FROM "articles"[0m
  Rendered articles/index.html.erb within layouts/application (1.3ms)
Completed 200 OK in 15ms (Views: 14.2ms | ActiveRecord: 0.1ms)


Started GET "/articles/new" for ::1 at 2016-03-13 10:50:44 -0400
Processing by ArticlesController#new as HTML
  Rendered articles/_form.html.erb (1.1ms)
  Rendered articles/new.html.erb within layouts/application (4.6ms)
Completed 200 OK in 22ms (Views: 20.7ms | ActiveRecord: 0.0ms)


Started POST "/articles" for ::1 at 2016-03-13 10:50:56 -0400
Processing by ArticlesController#create as HTML
  Parameters: {"utf8"=>"✓", "authenticity_token"=>"sxCn+LN0ukTc4wK42RtQuP09p9zwLbuHmmWkQ+GDAspJJmADGUCBAcRnA3GyD+w1BG/MgCtw/HEhs3w+dMWWLg==", "article"=>{"title"=>"This is a sample", "body"=>""}, "commit"=>"Create"}
  [1m[35m (0.1ms)[0m  begin transaction
  [1m[36m (0.0ms)[0m  [1mrollback transaction[0m
  [1m[35m (0.0ms)[0m  begin transaction
  [1m[36m (0.0ms)[0m  [1mrollback transaction[0m
  Rendered articles/_form.html.erb (1.4ms)
  Rendered articles/new.html.erb within layouts/application (2.9ms)
Completed 200 OK in 23ms (Views: 19.5ms | ActiveRecord: 0.2ms)


Started POST "/articles" for ::1 at 2016-03-13 10:51:29 -0400
Processing by ArticlesController#create as HTML
  Parameters: {"utf8"=>"✓", "authenticity_token"=>"eQ/Mw2MhmAo2LDKAVD5YXLVLUL46lejL2n3+o66xr+mDOQs4yRWjTy6oM0k/KuTRTBk74uHIrz1hqybeO/c7DQ==", "article"=>{"title"=>"This is a sample", "body"=>""}, "commit"=>"Create"}
  [1m[35m (0.1ms)[0m  begin transaction
  [1m[36m (0.1ms)[0m  [1mrollback transaction[0m
  [1m[35m (0.0ms)[0m  begin transaction
  [1m[36m (0.0ms)[0m  [1mrollback transaction[0m
  Rendered articles/_form.html.erb (2.4ms)
  Rendered articles/new.html.erb within layouts/application (3.7ms)
Completed 200 OK in 26ms (Views: 22.7ms | ActiveRecord: 0.2ms)


Started POST "/articles" for ::1 at 2016-03-13 10:51:49 -0400
Processing by ArticlesController#create as HTML
  Parameters: {"utf8"=>"✓", "authenticity_token"=>"+oTF0KvQdT1nIV/eJq6vmC5n6NPaFiIS/Npe9OtAvFIAsgIrAeROeH+lXhdNuhMV1zWDjwFLZeRHDIaJfgYotg==", "article"=>{"title"=>"This is a sample", "body"=>"This is a sample article"}, "commit"=>"Create"}
  [1m[35m (0.1ms)[0m  begin transaction
  [1m[36mSQL (2.4ms)[0m  [1mINSERT INTO "articles" ("title", "body", "created_at", "updated_at") VALUES (?, ?, ?, ?)[0m  [["title", "This is a sample"], ["body", "This is a sample article"], ["created_at", "2016-03-13 14:51:49.974104"], ["updated_at", "2016-03-13 14:51:49.974104"]]
  [1m[35m (3.4ms)[0m  commit transaction
  [1m[36m (0.1ms)[0m  [1mbegin transaction[0m
  [1m[35m (0.1ms)[0m  commit transaction
Redirected to http://localhost:3000/articles
Completed 302 Found in 11ms (ActiveRecord: 6.0ms)


Started GET "/articles" for ::1 at 2016-03-13 10:51:49 -0400
Processing by ArticlesController#index as HTML
  [1m[36mArticle Load (0.1ms)[0m  [1mSELECT "articles".* FROM "articles"[0m
  Rendered articles/index.html.erb within layouts/application (1.6ms)
Completed 200 OK in 18ms (Views: 16.8ms | ActiveRecord: 0.1ms)


Started GET "/articles/6/edit" for ::1 at 2016-03-13 10:52:20 -0400
Processing by ArticlesController#edit as HTML
  Parameters: {"id"=>"6"}
  [1m[35mArticle Load (0.1ms)[0m  SELECT  "articles".* FROM "articles" WHERE "articles"."id" = ? LIMIT 1  [["id", 6]]
  Rendered articles/_form.html.erb (1.7ms)
  Rendered articles/edit.html.erb within layouts/application (3.4ms)
Completed 200 OK in 19ms (Views: 17.8ms | ActiveRecord: 0.1ms)


Started PATCH "/articles/6" for ::1 at 2016-03-13 10:52:23 -0400
Processing by ArticlesController#update as HTML
  Parameters: {"utf8"=>"✓", "authenticity_token"=>"b6zXLuVB24tgWnPFOrC/hr9pDevuW2WNbwZP+p8mfmOVmhDVT3XgznjecgxRpAMLRjtmtzUGInvU0JeHCmDqhw==", "article"=>{"title"=>"This is a sample", "body"=>""}, "commit"=>"Create", "id"=>"6"}
  [1m[36mArticle Load (0.1ms)[0m  [1mSELECT  "articles".* FROM "articles" WHERE "articles"."id" = ? LIMIT 1[0m  [["id", 6]]
  [1m[35m (0.1ms)[0m  begin transaction
  [1m[36m (0.1ms)[0m  [1mrollback transaction[0m
  Rendered articles/_form.html.erb (2.6ms)
  Rendered articles/edit.html.erb within layouts/application (4.4ms)
Completed 200 OK in 21ms (Views: 18.1ms | ActiveRecord: 0.2ms)


Started GET "/articles" for ::1 at 2016-03-13 10:52:28 -0400
Processing by ArticlesController#index as HTML
  [1m[35mArticle Load (0.2ms)[0m  SELECT "articles".* FROM "articles"
  Rendered articles/index.html.erb within layouts/application (3.8ms)
Completed 200 OK in 32ms (Views: 30.7ms | ActiveRecord: 0.2ms)
